[debug] [2018-01-27T11:42:20.851Z] ----------------------------------------------------------------------
[debug] [2018-01-27T11:42:20.856Z] Command:       C:\Program Files\nodejs\node.exe C:\Users\dell\AppData\Roaming\npm\node_modules\firebase-tools\bin\firebase serve
[debug] [2018-01-27T11:42:20.857Z] CLI Version:   3.17.4
[debug] [2018-01-27T11:42:20.857Z] Platform:      win32
[debug] [2018-01-27T11:42:20.857Z] Node Version:  v6.11.5
[debug] [2018-01-27T11:42:20.858Z] Time:          Sat Jan 27 2018 17:12:20 GMT+0530 (India Standard Time)
[debug] [2018-01-27T11:42:20.858Z] ----------------------------------------------------------------------
[debug] 
[debug] [2018-01-27T11:42:20.890Z] > command requires scopes: ["email","openid","https://www.googleapis.com/auth/cloudplatformprojects.readonly","https://www.googleapis.com/auth/firebase","https://www.googleapis.com/auth/cloud-platform"]
[debug] [2018-01-27T11:42:20.892Z] > authorizing via signed-in user
[debug] [2018-01-27T11:42:20.895Z] > refreshing access token with scopes: ["email","https://www.googleapis.com/auth/cloud-platform","https://www.googleapis.com/auth/cloudplatformprojects.readonly","https://www.googleapis.com/auth/firebase","openid"]
[debug] [2018-01-27T11:42:20.896Z] >>> HTTP REQUEST POST https://www.googleapis.com/oauth2/v3/token  
 { refresh_token: '1/DvIWQxJlUhbtOLhqpznLpD1VU0Ia32uDTp_m9n2MES8',
  client_id: '563584335869-fgrhgmd47bqnekij5i8b5pr03ho849e6.apps.googleusercontent.com',
  client_secret: 'j9iVZfS8kkCEFUPaAeJV0sAi',
  grant_type: 'refresh_token',
  scope: 'email https://www.googleapis.com/auth/cloud-platform https://www.googleapis.com/auth/cloudplatformprojects.readonly https://www.googleapis.com/auth/firebase openid' } 
 Sat Jan 27 2018 17:12:20 GMT+0530 (India Standard Time)
[debug] [2018-01-27T11:42:21.156Z] <<< HTTP RESPONSE 200
[debug] [2018-01-27T11:42:21.180Z] >>> HTTP REQUEST GET https://admin.firebase.com/v1/projects/ivp-edm-dude  
  
 Sat Jan 27 2018 17:12:21 GMT+0530 (India Standard Time)
[debug] [2018-01-27T11:42:22.526Z] <<< HTTP RESPONSE 200
[debug] [2018-01-27T11:42:22.529Z] >>> HTTP REQUEST GET https://admin.firebase.com/v1/database/ivp-edm-dude/tokens  
  
 Sat Jan 27 2018 17:12:22 GMT+0530 (India Standard Time)
[debug] [2018-01-27T11:42:24.559Z] <<< HTTP RESPONSE 200
[info] 
[info] === Serving from 'D:\IVPEDM_Dude\friendlychat-web\web-start'...
[info] 
[debug] [2018-01-27T11:42:24.570Z] >>> HTTP REQUEST GET https://cloudresourcemanager.googleapis.com/v1/projects/ivp-edm-dude  
  
 Sat Jan 27 2018 17:12:24 GMT+0530 (India Standard Time)
[debug] [2018-01-27T11:42:26.229Z] <<< HTTP RESPONSE 200
[debug] [2018-01-27T11:42:26.230Z] >>> HTTP REQUEST GET https://mobilesdk-pa.googleapis.com/v1/projects/772955830686/clients/_:getWebAppConfig  
  
 Sat Jan 27 2018 17:12:26 GMT+0530 (India Standard Time)
[debug] [2018-01-27T11:42:27.111Z] <<< HTTP RESPONSE 200
[info] i  hosting: Serving hosting files from: ./
[info] +  hosting: Local server: http://localhost:5000

[debug] [2018-01-27T11:51:45.667Z] ----------------------------------------------------------------------
[debug] [2018-01-27T11:51:45.672Z] Command:       C:\Program Files\nodejs\node.exe C:\Users\dell\AppData\Roaming\npm\node_modules\firebase-tools\bin\firebase serve
[debug] [2018-01-27T11:51:45.672Z] CLI Version:   3.17.4
[debug] [2018-01-27T11:51:45.673Z] Platform:      win32
[debug] [2018-01-27T11:51:45.673Z] Node Version:  v6.11.5
[debug] [2018-01-27T11:51:45.673Z] Time:          Sat Jan 27 2018 17:21:45 GMT+0530 (India Standard Time)
[debug] [2018-01-27T11:51:45.673Z] ----------------------------------------------------------------------
[debug] 
[debug] [2018-01-27T11:51:45.697Z] > command requires scopes: ["email","openid","https://www.googleapis.com/auth/cloudplatformprojects.readonly","https://www.googleapis.com/auth/firebase","https://www.googleapis.com/auth/cloud-platform"]
[debug] [2018-01-27T11:51:45.698Z] > authorizing via signed-in user
[debug] [2018-01-27T11:51:45.702Z] >>> HTTP REQUEST GET https://admin.firebase.com/v1/projects/ivp-edm-dude  
  
 Sat Jan 27 2018 17:21:45 GMT+0530 (India Standard Time)
[debug] [2018-01-27T11:51:47.059Z] <<< HTTP RESPONSE 200
[debug] [2018-01-27T11:51:47.062Z] >>> HTTP REQUEST GET https://admin.firebase.com/v1/database/ivp-edm-dude/tokens  
  
 Sat Jan 27 2018 17:21:47 GMT+0530 (India Standard Time)
[debug] [2018-01-27T11:51:48.011Z] <<< HTTP RESPONSE 200
[info] 
[info] === Serving from 'D:\IVPEDM_Dude\friendlychat-web\web-start'...
[info] 
[debug] [2018-01-27T11:51:48.021Z] >>> HTTP REQUEST GET https://cloudresourcemanager.googleapis.com/v1/projects/ivp-edm-dude  
  
 Sat Jan 27 2018 17:21:48 GMT+0530 (India Standard Time)
[debug] [2018-01-27T11:51:49.627Z] <<< HTTP RESPONSE 200
[debug] [2018-01-27T11:51:49.628Z] >>> HTTP REQUEST GET https://mobilesdk-pa.googleapis.com/v1/projects/772955830686/clients/_:getWebAppConfig  
  
 Sat Jan 27 2018 17:21:49 GMT+0530 (India Standard Time)
[debug] [2018-01-27T11:51:51.230Z] <<< HTTP RESPONSE 200
[info] i  hosting: Serving hosting files from: ./
[info] +  hosting: Local server: http://localhost:5000

